[2019-07-08T02:36:51.365] [INFO] access - ::1 - - "GET /add HTTP/1.1" 200 639 "" "Mozilla/5.0 (Macintosh; Intel Mac OS X 10_13_6) AppleWebKit/537.36 (KHTML, like Gecko) Chrome/75.0.3770.100 Safari/537.36"
[2019-07-08T02:36:51.393] [INFO] access - ::1 - - "GET /scripts/runtime.793aee7c.bundle.js HTTP/1.1" 200 282 "http://localhost:3333/add" "Mozilla/5.0 (Macintosh; Intel Mac OS X 10_13_6) AppleWebKit/537.36 (KHTML, like Gecko) Chrome/75.0.3770.100 Safari/537.36"
[2019-07-08T02:36:51.394] [INFO] access - ::1 - - "GET /scripts/home-add.793aee7c.bundle.js HTTP/1.1" 200 282 "http://localhost:3333/add" "Mozilla/5.0 (Macintosh; Intel Mac OS X 10_13_6) AppleWebKit/537.36 (KHTML, like Gecko) Chrome/75.0.3770.100 Safari/537.36"
[2019-07-08T02:36:51.440] [INFO] access - ::1 - - "GET /favicon.ico HTTP/1.1" 200 282 "http://localhost:3333/add" "Mozilla/5.0 (Macintosh; Intel Mac OS X 10_13_6) AppleWebKit/537.36 (KHTML, like Gecko) Chrome/75.0.3770.100 Safari/537.36"
[2019-07-08T02:38:20.352] [INFO] access - ::1 - - "GET /add1 HTTP/1.1" 404 - "" "Mozilla/5.0 (Macintosh; Intel Mac OS X 10_13_6) AppleWebKit/537.36 (KHTML, like Gecko) Chrome/75.0.3770.100 Safari/537.36"
[2019-07-08T02:38:20.414] [INFO] access - ::1 - - "GET /favicon.ico HTTP/1.1" 404 - "http://localhost:3333/add1" "Mozilla/5.0 (Macintosh; Intel Mac OS X 10_13_6) AppleWebKit/537.36 (KHTML, like Gecko) Chrome/75.0.3770.100 Safari/537.36"
[2019-07-08T02:39:38.932] [INFO] access - ::1 - - "GET / HTTP/1.1" 200 642 "" "Mozilla/5.0 (Macintosh; Intel Mac OS X 10_13_6) AppleWebKit/537.36 (KHTML, like Gecko) Chrome/75.0.3770.100 Safari/537.36"
[2019-07-08T02:39:38.976] [INFO] access - ::1 - - "GET /scripts/runtime.793aee7c.bundle.js HTTP/1.1" 404 - "http://localhost:3333/" "Mozilla/5.0 (Macintosh; Intel Mac OS X 10_13_6) AppleWebKit/537.36 (KHTML, like Gecko) Chrome/75.0.3770.100 Safari/537.36"
[2019-07-08T02:39:38.977] [INFO] access - ::1 - - "GET /scripts/home-list.793aee7c.bundle.js HTTP/1.1" 404 - "http://localhost:3333/" "Mozilla/5.0 (Macintosh; Intel Mac OS X 10_13_6) AppleWebKit/537.36 (KHTML, like Gecko) Chrome/75.0.3770.100 Safari/537.36"
[2019-07-08T02:39:50.466] [INFO] access - ::1 - - "GET / HTTP/1.1" 200 642 "" "Mozilla/5.0 (Macintosh; Intel Mac OS X 10_13_6) AppleWebKit/537.36 (KHTML, like Gecko) Chrome/75.0.3770.100 Safari/537.36"
[2019-07-08T02:39:50.485] [INFO] access - ::1 - - "GET /scripts/runtime.793aee7c.bundle.js HTTP/1.1" 404 - "http://localhost:3333/" "Mozilla/5.0 (Macintosh; Intel Mac OS X 10_13_6) AppleWebKit/537.36 (KHTML, like Gecko) Chrome/75.0.3770.100 Safari/537.36"
[2019-07-08T02:39:50.486] [INFO] access - ::1 - - "GET /scripts/home-list.793aee7c.bundle.js HTTP/1.1" 404 - "http://localhost:3333/" "Mozilla/5.0 (Macintosh; Intel Mac OS X 10_13_6) AppleWebKit/537.36 (KHTML, like Gecko) Chrome/75.0.3770.100 Safari/537.36"
[2019-07-08T02:43:37.694] [INFO] access - ::1 - - "GET / HTTP/1.1" 200 642 "" "Mozilla/5.0 (Macintosh; Intel Mac OS X 10_13_6) AppleWebKit/537.36 (KHTML, like Gecko) Chrome/75.0.3770.100 Safari/537.36"
[2019-07-08T02:43:37.727] [INFO] access - ::1 - - "GET /scripts/runtime.793aee7c.bundle.js HTTP/1.1" 200 282 "http://localhost:3333/" "Mozilla/5.0 (Macintosh; Intel Mac OS X 10_13_6) AppleWebKit/537.36 (KHTML, like Gecko) Chrome/75.0.3770.100 Safari/537.36"
[2019-07-08T02:43:37.729] [INFO] access - ::1 - - "GET /scripts/home-list.793aee7c.bundle.js HTTP/1.1" 200 282 "http://localhost:3333/" "Mozilla/5.0 (Macintosh; Intel Mac OS X 10_13_6) AppleWebKit/537.36 (KHTML, like Gecko) Chrome/75.0.3770.100 Safari/537.36"
[2019-07-08T02:45:48.068] [INFO] access - ::1 - - "GET / HTTP/1.1" 200 642 "" "Mozilla/5.0 (Macintosh; Intel Mac OS X 10_13_6) AppleWebKit/537.36 (KHTML, like Gecko) Chrome/75.0.3770.100 Safari/537.36"
[2019-07-08T02:45:48.104] [INFO] access - ::1 - - "GET /scripts/runtime.793aee7c.bundle.js HTTP/1.1" 200 282 "http://localhost:3333/" "Mozilla/5.0 (Macintosh; Intel Mac OS X 10_13_6) AppleWebKit/537.36 (KHTML, like Gecko) Chrome/75.0.3770.100 Safari/537.36"
[2019-07-08T02:45:48.105] [INFO] access - ::1 - - "GET /scripts/home-list.793aee7c.bundle.js HTTP/1.1" 200 282 "http://localhost:3333/" "Mozilla/5.0 (Macintosh; Intel Mac OS X 10_13_6) AppleWebKit/537.36 (KHTML, like Gecko) Chrome/75.0.3770.100 Safari/537.36"
[2019-07-08T02:45:50.648] [INFO] access - ::1 - - "GET / HTTP/1.1" 200 642 "" "Mozilla/5.0 (Macintosh; Intel Mac OS X 10_13_6) AppleWebKit/537.36 (KHTML, like Gecko) Chrome/75.0.3770.100 Safari/537.36"
[2019-07-08T02:45:50.674] [INFO] access - ::1 - - "GET /scripts/runtime.793aee7c.bundle.js HTTP/1.1" 200 282 "http://localhost:3333/" "Mozilla/5.0 (Macintosh; Intel Mac OS X 10_13_6) AppleWebKit/537.36 (KHTML, like Gecko) Chrome/75.0.3770.100 Safari/537.36"
[2019-07-08T02:45:50.675] [INFO] access - ::1 - - "GET /scripts/home-list.793aee7c.bundle.js HTTP/1.1" 200 282 "http://localhost:3333/" "Mozilla/5.0 (Macintosh; Intel Mac OS X 10_13_6) AppleWebKit/537.36 (KHTML, like Gecko) Chrome/75.0.3770.100 Safari/537.36"
[2019-07-08T02:45:51.348] [INFO] access - ::1 - - "GET / HTTP/1.1" 200 642 "" "Mozilla/5.0 (Macintosh; Intel Mac OS X 10_13_6) AppleWebKit/537.36 (KHTML, like Gecko) Chrome/75.0.3770.100 Safari/537.36"
[2019-07-08T02:45:51.375] [INFO] access - ::1 - - "GET /scripts/runtime.793aee7c.bundle.js HTTP/1.1" 200 282 "http://localhost:3333/" "Mozilla/5.0 (Macintosh; Intel Mac OS X 10_13_6) AppleWebKit/537.36 (KHTML, like Gecko) Chrome/75.0.3770.100 Safari/537.36"
[2019-07-08T02:45:51.375] [INFO] access - ::1 - - "GET /scripts/home-list.793aee7c.bundle.js HTTP/1.1" 200 282 "http://localhost:3333/" "Mozilla/5.0 (Macintosh; Intel Mac OS X 10_13_6) AppleWebKit/537.36 (KHTML, like Gecko) Chrome/75.0.3770.100 Safari/537.36"
