[2019-07-07T10:11:44.424] [ERROR] application - { [Error: ENOENT: no such file or directory, open '/Users/tougou/workspace/tjsglion/koa-template-demo/dist/client/views/index.html']
  errno: -2,
  code: 'ENOENT',
  syscall: 'open',
  path:
   '/Users/tougou/workspace/tjsglion/koa-template-demo/dist/client/views/index.html' }
[2019-07-07T10:12:01.620] [ERROR] application - { [Error: ENOENT: no such file or directory, open '/Users/tougou/workspace/tjsglion/koa-template-demo/dist/client/views/index.html']
  errno: -2,
  code: 'ENOENT',
  syscall: 'open',
  path:
   '/Users/tougou/workspace/tjsglion/koa-template-demo/dist/client/views/index.html' }
[2019-07-07T10:12:12.997] [ERROR] application - { [Error: ENOENT: no such file or directory, open '/Users/tougou/workspace/tjsglion/koa-template-demo/dist/client/views/index.html']
  errno: -2,
  code: 'ENOENT',
  syscall: 'open',
  path:
   '/Users/tougou/workspace/tjsglion/koa-template-demo/dist/client/views/index.html' }
[2019-07-07T10:13:17.462] [ERROR] application - { [Error: ENOENT: no such file or directory, open '/Users/tougou/workspace/tjsglion/koa-template-demo/dist/client/views/index.html']
  errno: -2,
  code: 'ENOENT',
  syscall: 'open',
  path:
   '/Users/tougou/workspace/tjsglion/koa-template-demo/dist/client/views/index.html' }
[2019-07-07T10:13:20.887] [ERROR] application - { [Error: ENOENT: no such file or directory, open '/Users/tougou/workspace/tjsglion/koa-template-demo/dist/client/views/index.html']
  errno: -2,
  code: 'ENOENT',
  syscall: 'open',
  path:
   '/Users/tougou/workspace/tjsglion/koa-template-demo/dist/client/views/index.html' }
[2019-07-07T10:13:21.539] [ERROR] application - { [Error: ENOENT: no such file or directory, open '/Users/tougou/workspace/tjsglion/koa-template-demo/dist/client/views/index.html']
  errno: -2,
  code: 'ENOENT',
  syscall: 'open',
  path:
   '/Users/tougou/workspace/tjsglion/koa-template-demo/dist/client/views/index.html' }
[2019-07-07T10:15:33.933] [ERROR] application - { [Error: ENOENT: no such file or directory, open '/Users/tougou/workspace/tjsglion/koa-template-demo/dist/client/views/index.html']
  errno: -2,
  code: 'ENOENT',
  syscall: 'open',
  path:
   '/Users/tougou/workspace/tjsglion/koa-template-demo/dist/client/views/index.html' }
[2019-07-07T10:20:05.711] [ERROR] application - { [Error: ENOENT: no such file or directory, open '/Users/tougou/workspace/tjsglion/koa-template-demo/dist/client/views/index.html']
  errno: -2,
  code: 'ENOENT',
  syscall: 'open',
  path:
   '/Users/tougou/workspace/tjsglion/koa-template-demo/dist/client/views/index.html' }
[2019-07-07T10:20:06.504] [ERROR] application - { [Error: ENOENT: no such file or directory, open '/Users/tougou/workspace/tjsglion/koa-template-demo/dist/client/views/index.html']
  errno: -2,
  code: 'ENOENT',
  syscall: 'open',
  path:
   '/Users/tougou/workspace/tjsglion/koa-template-demo/dist/client/views/index.html' }
[2019-07-07T10:20:07.622] [ERROR] application - { [Error: ENOENT: no such file or directory, open '/Users/tougou/workspace/tjsglion/koa-template-demo/dist/client/views/index.html']
  errno: -2,
  code: 'ENOENT',
  syscall: 'open',
  path:
   '/Users/tougou/workspace/tjsglion/koa-template-demo/dist/client/views/index.html' }
[2019-07-07T10:20:08.364] [ERROR] application - { [Error: ENOENT: no such file or directory, open '/Users/tougou/workspace/tjsglion/koa-template-demo/dist/client/views/index.html']
  errno: -2,
  code: 'ENOENT',
  syscall: 'open',
  path:
   '/Users/tougou/workspace/tjsglion/koa-template-demo/dist/client/views/index.html' }
[2019-07-07T10:20:09.112] [ERROR] application - { [Error: ENOENT: no such file or directory, open '/Users/tougou/workspace/tjsglion/koa-template-demo/dist/client/views/index.html']
  errno: -2,
  code: 'ENOENT',
  syscall: 'open',
  path:
   '/Users/tougou/workspace/tjsglion/koa-template-demo/dist/client/views/index.html' }
[2019-07-07T10:20:09.741] [ERROR] application - { [Error: ENOENT: no such file or directory, open '/Users/tougou/workspace/tjsglion/koa-template-demo/dist/client/views/index.html']
  errno: -2,
  code: 'ENOENT',
  syscall: 'open',
  path:
   '/Users/tougou/workspace/tjsglion/koa-template-demo/dist/client/views/index.html' }
[2019-07-07T10:20:10.331] [ERROR] application - { [Error: ENOENT: no such file or directory, open '/Users/tougou/workspace/tjsglion/koa-template-demo/dist/client/views/index.html']
  errno: -2,
  code: 'ENOENT',
  syscall: 'open',
  path:
   '/Users/tougou/workspace/tjsglion/koa-template-demo/dist/client/views/index.html' }
[2019-07-07T10:20:10.836] [ERROR] application - { [Error: ENOENT: no such file or directory, open '/Users/tougou/workspace/tjsglion/koa-template-demo/dist/client/views/index.html']
  errno: -2,
  code: 'ENOENT',
  syscall: 'open',
  path:
   '/Users/tougou/workspace/tjsglion/koa-template-demo/dist/client/views/index.html' }
[2019-07-07T10:20:36.272] [ERROR] application - { [Error: ENOENT: no such file or directory, open '/Users/tougou/workspace/tjsglion/koa-template-demo/dist/client/views/index.html']
  errno: -2,
  code: 'ENOENT',
  syscall: 'open',
  path:
   '/Users/tougou/workspace/tjsglion/koa-template-demo/dist/client/views/index.html' }
[2019-07-07T10:20:37.290] [ERROR] application - { [Error: ENOENT: no such file or directory, open '/Users/tougou/workspace/tjsglion/koa-template-demo/dist/client/views/index.html']
  errno: -2,
  code: 'ENOENT',
  syscall: 'open',
  path:
   '/Users/tougou/workspace/tjsglion/koa-template-demo/dist/client/views/index.html' }
[2019-07-07T10:20:37.738] [ERROR] application - { [Error: ENOENT: no such file or directory, open '/Users/tougou/workspace/tjsglion/koa-template-demo/dist/client/views/index.html']
  errno: -2,
  code: 'ENOENT',
  syscall: 'open',
  path:
   '/Users/tougou/workspace/tjsglion/koa-template-demo/dist/client/views/index.html' }
[2019-07-07T10:20:48.070] [ERROR] application - { [Error: ENOENT: no such file or directory, open '/Users/tougou/workspace/tjsglion/koa-template-demo/dist/client/views/index.html']
  errno: -2,
  code: 'ENOENT',
  syscall: 'open',
  path:
   '/Users/tougou/workspace/tjsglion/koa-template-demo/dist/client/views/index.html' }
[2019-07-07T10:22:16.279] [ERROR] application - { [Error: ENOENT: no such file or directory, open '/Users/tougou/workspace/tjsglion/koa-template-demo/dist/client/views/add.html']
  errno: -2,
  code: 'ENOENT',
  syscall: 'open',
  path:
   '/Users/tougou/workspace/tjsglion/koa-template-demo/dist/client/views/add.html' }
[2019-07-07T10:22:25.513] [ERROR] application - { [Error: ENOENT: no such file or directory, open '/Users/tougou/workspace/tjsglion/koa-template-demo/dist/client/views/index.html']
  errno: -2,
  code: 'ENOENT',
  syscall: 'open',
  path:
   '/Users/tougou/workspace/tjsglion/koa-template-demo/dist/client/views/index.html' }
[2019-07-07T20:07:52.850] [ERROR] application - { [Error: ENOENT: no such file or directory, open '/Users/tougou/workspace/tjsglion/koa-template-demo/dist/client/views/index.html']
  errno: -2,
  code: 'ENOENT',
  syscall: 'open',
  path:
   '/Users/tougou/workspace/tjsglion/koa-template-demo/dist/client/views/index.html' }
[2019-07-07T20:18:08.618] [ERROR] application - { [Error: ENOENT: no such file or directory, open '/Users/tougou/workspace/tjsglion/koa-template-demo/client/views/index.html']
  errno: -2,
  code: 'ENOENT',
  syscall: 'open',
  path:
   '/Users/tougou/workspace/tjsglion/koa-template-demo/client/views/index.html' }
[2019-07-07T20:18:23.065] [ERROR] application - { [Error: ENOENT: no such file or directory, open '/Users/tougou/workspace/tjsglion/koa-template-demo/client/views/add.html']
  errno: -2,
  code: 'ENOENT',
  syscall: 'open',
  path:
   '/Users/tougou/workspace/tjsglion/koa-template-demo/client/views/add.html' }
[2019-07-07T20:20:55.176] [ERROR] application - { [Error: ENOENT: no such file or directory, open '/Users/tougou/workspace/tjsglion/koa-template-demo/views/add.html']
  errno: -2,
  code: 'ENOENT',
  syscall: 'open',
  path:
   '/Users/tougou/workspace/tjsglion/koa-template-demo/views/add.html' }
[2019-07-07T20:21:33.669] [ERROR] application - { [Error: ENOENT: no such file or directory, open '/Users/tougou/workspace/tjsglion/koa-template-demo/views/add.html']
  errno: -2,
  code: 'ENOENT',
  syscall: 'open',
  path:
   '/Users/tougou/workspace/tjsglion/koa-template-demo/views/add.html' }
